# JRE version: Java(TM) SE Runtime Environment (17.0.12+8) (build 17.0.12+8-LTS-286)
# Java VM: Java HotSpot(TM) 64-Bit Server VM (17.0.12+8-LTS-286, mixed mode, sharing, tiered, compressed oops, compressed class ptrs, g1 gc, windows-amd64)
GC Precious Log:
 CPUs: 4 total, 4 available
 Memory: 3500M
 Large Page Support: Disabled
 NUMA Support: Disabled
 Compressed Oops: Enabled (32-bit)
 Heap Region Size: 1M
 Heap Min Capacity: 8M
 Heap Initial Capacity: 56M
 Heap Max Capacity: 876M
 Pre-touch: Disabled
 Parallel Workers: 4
 Concurrent Workers: 1
 Concurrent Refinement Workers: 4
 Periodic GC: Disabled
Heap:
 garbage-first heap   total 55296K, used 26697K [0x00000000c9400000, 0x0000000100000000)
  region size 1024K, 17 young (17408K), 4 survivors (4096K)
 Metaspace       used 23391K, committed 23680K, reserved 1114112K
  class space    used 3076K, committed 3264K, reserved 1048576K
GC Heap History (12 events):
Event: 3.859 GC heap before
{Heap before GC invocations=0 (full 0):
 garbage-first heap   total 57344K, used 14336K [0x00000000c9400000, 0x0000000100000000)
  region size 1024K, 13 young (13312K), 0 survivors (0K)
 Metaspace       used 2091K, committed 2240K, reserved 1114112K
  class space    used 198K, committed 256K, reserved 1048576K
}
Event: 3.890 GC heap after
{Heap after GC invocations=1 (full 0):
 garbage-first heap   total 57344K, used 7468K [0x00000000c9400000, 0x0000000100000000)
  region size 1024K, 2 young (2048K), 2 survivors (2048K)
 Metaspace       used 2091K, committed 2240K, reserved 1114112K
  class space    used 198K, committed 256K, reserved 1048576K
}
Event: 4.893 GC heap before
{Heap before GC invocations=1 (full 0):
 garbage-first heap   total 57344K, used 13612K [0x00000000c9400000, 0x0000000100000000)
  region size 1024K, 8 young (8192K), 2 survivors (2048K)
 Metaspace       used 3417K, committed 3584K, reserved 1114112K
  class space    used 376K, committed 448K, reserved 1048576K
}
Event: 4.899 GC heap after
{Heap after GC invocations=2 (full 0):
 garbage-first heap   total 57344K, used 8491K [0x00000000c9400000, 0x0000000100000000)
  region size 1024K, 1 young (1024K), 1 survivors (1024K)
 Metaspace       used 3417K, committed 3584K, reserved 1114112K
  class space    used 376K, committed 448K, reserved 1048576K
}
Event: 8.481 GC heap before
{Heap before GC invocations=2 (full 0):
 garbage-first heap   total 57344K, used 23851K [0x00000000c9400000, 0x0000000100000000)
  region size 1024K, 17 young (17408K), 1 survivors (1024K)
 Metaspace       used 7770K, committed 7936K, reserved 1114112K
  class space    used 964K, committed 1024K, reserved 1048576K
}
Event: 8.489 GC heap after
{Heap after GC invocations=3 (full 0):
 garbage-first heap   total 57344K, used 9593K [0x00000000c9400000, 0x0000000100000000)
  region size 1024K, 2 young (2048K), 2 survivors (2048K)
 Metaspace       used 7770K, committed 7936K, reserved 1114112K
  class space    used 964K, committed 1024K, reserved 1048576K
}
Event: 13.864 GC heap before
{Heap before GC invocations=3 (full 0):
 garbage-first heap   total 57344K, used 34169K [0x00000000c9400000, 0x0000000100000000)
  region size 1024K, 26 young (26624K), 2 survivors (2048K)
 Metaspace       used 12829K, committed 13056K, reserved 1114112K
  class space    used 1681K, committed 1792K, reserved 1048576K
}
Event: 13.875 GC heap after
{Heap after GC invocations=4 (full 0):
 garbage-first heap   total 57344K, used 10999K [0x00000000c9400000, 0x0000000100000000)
  region size 1024K, 3 young (3072K), 3 survivors (3072K)
 Metaspace       used 12829K, committed 13056K, reserved 1114112K
  class space    used 1681K, committed 1792K, reserved 1048576K
}
Event: 19.735 GC heap before
{Heap before GC invocations=4 (full 0):
 garbage-first heap   total 57344K, used 36599K [0x00000000c9400000, 0x0000000100000000)
  region size 1024K, 30 young (30720K), 3 survivors (3072K)
 Metaspace       used 17881K, committed 18176K, reserved 1114112K
  class space    used 2456K, committed 2624K, reserved 1048576K
}
Event: 19.746 GC heap after
{Heap after GC invocations=5 (full 0):
 garbage-first heap   total 57344K, used 12683K [0x00000000c9400000, 0x0000000100000000)
  region size 1024K, 4 young (4096K), 4 survivors (4096K)
 Metaspace       used 17881K, committed 18176K, reserved 1114112K
  class space    used 2456K, committed 2624K, reserved 1048576K
}
Event: 27.101 GC heap before
{Heap before GC invocations=5 (full 0):
 garbage-first heap   total 57344K, used 32139K [0x00000000c9400000, 0x0000000100000000)
  region size 1024K, 25 young (25600K), 4 survivors (4096K)
 Metaspace       used 21206K, committed 21504K, reserved 1114112K
  class space    used 2825K, committed 3008K, reserved 1048576K
}
Event: 27.115 GC heap after
{Heap after GC invocations=6 (full 0):
 garbage-first heap   total 57344K, used 14409K [0x00000000c9400000, 0x0000000100000000)
  region size 1024K, 4 young (4096K), 4 survivors (4096K)
 Metaspace       used 21206K, committed 21504K, reserved 1114112K
  class space    used 2825K, committed 3008K, reserved 1048576K
}

